This is pdfTeX, Version 3.141592-1.40.4 (MiKTeX 2.7) (preloaded format=pdflatex 2008.3.24)  21 APR 2009 12:30
entering extended mode
**C:/Documents*and*Settings/gpu/Desktop/Richard*Speyer/Webcam*Signals/papers/th
esis/thesis-main.tex

("C:/Documents and Settings/gpu/Desktop/Richard Speyer/Webcam Signals/papers/th
esis/thesis-main.tex"
LaTeX2e <2005/12/01>
Babel <v3.8h> and hyphenation patterns for english, dumylang, nohyphenation, ge
rman, ngerman, french, loaded.
(wuthesis.cls
*************************************************************
** Wash U - Sever Institute thesis class 
** version 1.7a, 07/01/2008
** Copyright (c) 1995 Kevin Ruland 
** with revisions by Long Duan and Greg Hackmann 
*************************************************************
Document Class: wuthesis 07/01/2008 v1.7a
("C:\Program Files\MiKTeX 2.7\tex\latex\base\book.cls"
Document Class: book 2005/09/16 v1.4f Standard LaTeX document class
("C:\Program Files\MiKTeX 2.7\tex\latex\base\bk12.clo"
File: bk12.clo 2005/09/16 v1.4f Standard LaTeX file (size option)
)
\c@part=\count79
\c@chapter=\count80
\c@section=\count81
\c@subsection=\count82
\c@subsubsection=\count83
\c@paragraph=\count84
\c@subparagraph=\count85
\c@figure=\count86
\c@table=\count87
\abovecaptionskip=\skip41
\belowcaptionskip=\skip42
\bibindent=\dimen102
)
("C:\Program Files\MiKTeX 2.7\tex\latex\ltxmisc\ulem.sty"
\UL@box=\box26
\UL@hyphenbox=\box27
\UL@skip=\skip43
\UL@hook=\toks14
\UL@pe=\count88
\UL@pixel=\dimen103
\ULC@box=\box28
Package: ulem 2000/05/26
\ULdepth=\dimen104
)
("C:\Program Files\MiKTeX 2.7\tex\latex\setspace\setspace.sty"
Package: setspace 2000/12/01 6.7 Contributed and Supported LaTeX2e package

Package: `setspace' 6.7 <2000/12/01>
) ("C:\Program Files\MiKTeX 2.7\tex\latex\carlisle\remreset.sty")
\chapterpadding=\skip44
\chaptervspace=\skip45
\appendixhspace=\skip46
\hour=\count89
\minute=\count90
)
("C:\Program Files\MiKTeX 2.7\tex\latex\graphics\epsfig.sty"
Package: epsfig 1999/02/16 v1.7a (e)psfig emulation (SPQR)

("C:\Program Files\MiKTeX 2.7\tex\latex\graphics\graphicx.sty"
Package: graphicx 1999/02/16 v1.0f Enhanced LaTeX Graphics (DPC,SPQR)

("C:\Program Files\MiKTeX 2.7\tex\latex\graphics\keyval.sty"
Package: keyval 1999/03/16 v1.13 key=value parser (DPC)
\KV@toks@=\toks15
)
("C:\Program Files\MiKTeX 2.7\tex\latex\graphics\graphics.sty"
Package: graphics 2006/02/20 v1.0o Standard LaTeX Graphics (DPC,SPQR)

("C:\Program Files\MiKTeX 2.7\tex\latex\graphics\trig.sty"
Package: trig 1999/03/16 v1.09 sin cos tan (DPC)
)
("C:\Program Files\MiKTeX 2.7\tex\latex\00miktex\graphics.cfg"
File: graphics.cfg 2007/01/18 v1.5 graphics configuration of teTeX/TeXLive
)
Package graphics Info: Driver file: pdftex.def on input line 90.

("C:\Program Files\MiKTeX 2.7\tex\latex\graphics\pdftex.def"
File: pdftex.def 2007/06/12 v0.04h Graphics/color for pdfTeX
\Gread@gobject=\count91
))
\Gin@req@height=\dimen105
\Gin@req@width=\dimen106
)
\epsfxsize=\dimen107
\epsfysize=\dimen108
) (ellipsis.sty
Package: ellipsis 2004/9/28 v1.6 ellipsis: fixes spacing around \protect \globa
l \let \OT1\textellipsis .\kern \fontdimen 3\font .\kern \fontdimen 3\font .\ke
rn \fontdimen 3\font \OT1\textellipsis 

("C:\Program Files\MiKTeX 2.7\tex\latex\tools\xspace.sty"
Package: xspace 2006/05/08 v1.12 Space after command names (DPC,MH)
))
("C:\Program Files\MiKTeX 2.7\tex\latex\caption\caption.sty"
Package: caption 2008/08/24 v3.1j Customizing captions (AR)

("C:\Program Files\MiKTeX 2.7\tex\latex\caption\caption3.sty"
Package: caption3 2008/08/24 v3.1j caption3 kernel (AR)
\captionmargin=\dimen109
\captionmargin@=\dimen110
\captionwidth=\dimen111
\caption@indent=\dimen112
\caption@parindent=\dimen113
\caption@hangindent=\dimen114
)
\c@ContinuedFloat=\count92
)
("C:\Program Files\MiKTeX 2.7\tex\latex\subfigure\subfigure.sty"
Package: subfigure 2002/07/30 v2.1.4 subfigure package
\subfigtopskip=\skip47
\subfigcapskip=\skip48
\subfigcaptopadj=\dimen115
\subfigbottomskip=\skip49
\subfigcapmargin=\dimen116
\subfiglabelskip=\skip50
\c@subfigure=\count93
\c@lofdepth=\count94
\c@subtable=\count95
\c@lotdepth=\count96

****************************************
* Local config file subfigure.cfg used *
****************************************
("C:\Program Files\MiKTeX 2.7\tex\latex\subfigure\subfigure.cfg")
\subfig@top=\skip51
\subfig@bottom=\skip52
)
(thesis-main.aux (thesis-front.aux) (thesis-chapters.aux)
(thesis-appendices.aux) (thesis-back.aux))
LaTeX Font Info:    Checking defaults for OML/cmm/m/it on input line 34.
LaTeX Font Info:    ... okay on input line 34.
LaTeX Font Info:    Checking defaults for T1/cmr/m/n on input line 34.
LaTeX Font Info:    ... okay on input line 34.
LaTeX Font Info:    Checking defaults for OT1/cmr/m/n on input line 34.
LaTeX Font Info:    ... okay on input line 34.
LaTeX Font Info:    Checking defaults for OMS/cmsy/m/n on input line 34.
LaTeX Font Info:    ... okay on input line 34.
LaTeX Font Info:    Checking defaults for OMX/cmex/m/n on input line 34.
LaTeX Font Info:    ... okay on input line 34.
LaTeX Font Info:    Checking defaults for U/cmr/m/n on input line 34.
LaTeX Font Info:    ... okay on input line 34.

("C:\Program Files\MiKTeX 2.7\tex\context\base\supp-pdf.tex"
[Loading MPS to PDF converter (version 2006.09.02).]
\scratchcounter=\count97
\scratchdimen=\dimen117
\scratchbox=\box29
\nofMPsegments=\count98
\nofMParguments=\count99
\MPscratchCnt=\count100
\MPscratchDim=\dimen118
\MPnumerator=\count101
\everyMPtoPDFconversion=\toks16
)
LaTeX Info: Redefining \dots on input line 34.
Package caption Info: Begin \AtBeginDocument code.
Package caption Info: subfigure package is loaded.
Package caption Info: End \AtBeginDocument code.
 (thesis-front.tex [0



{C:/Documents and Settings/All Users/Application Data/MiKTeX/2.7/pdftex/config/
pdftex.map}] [2] [3

] (thesis-main.toc
LaTeX Font Info:    External font `cmex10' loaded for size
(Font)              <12> on input line 1.
LaTeX Font Info:    External font `cmex10' loaded for size
(Font)              <8> on input line 1.
LaTeX Font Info:    External font `cmex10' loaded for size
(Font)              <6> on input line 1.
)
\tf@toc=\write3
 [4

]
(thesis-main.lof)
\tf@lof=\write4
) [5

] (thesis-chapters.tex
Chapter 1.
[1




] [2] [3]
Chapter 2.
[4

] <figures/imagedimensions.pdf, id=38, 268.00125pt x 206.7725pt>
File: figures/imagedimensions.pdf Graphic file (type pdf)

<use figures/imagedimensions.pdf> [5] [6 <figures/imagedimensions.pdf>]
[7]
Chapter 3.
<figures/windspeedextremes.jpg, id=56, 642.4pt x 481.8pt>
File: figures/windspeedextremes.jpg Graphic file (type jpg)

<use figures/windspeedextremes.jpg>
<figures/windspeedcomponents1.jpg, id=57, 321.2pt x 215.80624pt>
File: figures/windspeedcomponents1.jpg Graphic file (type jpg)

<use figures/windspeedcomponents1.jpg>
<figures/windspeedcomponents2.jpg, id=58, 321.2pt x 215.80624pt>
File: figures/windspeedcomponents2.jpg Graphic file (type jpg)

<use figures/windspeedcomponents2.jpg> [8

]
<figures/windspeedtimeseries.pdf, id=63, 325.215pt x 216.81pt>
File: figures/windspeedtimeseries.pdf Graphic file (type pdf)

<use figures/windspeedtimeseries.pdf>
<figures/windspeedtimeseriesimages.jpg, id=64, 1606.0pt x 240.9pt>
File: figures/windspeedtimeseriesimages.jpg Graphic file (type jpg)

<use figures/windspeedtimeseriesimages.jpg>
<figures/windspeedcorr.jpg, id=65, 690.58pt x 491.8375pt>
File: figures/windspeedcorr.jpg Graphic file (type jpg)

<use figures/windspeedcorr.jpg> [9 <figures/windspeedextremes.jpg>]
<figures/windspeedscatter.pdf, id=69, 216.81pt x 216.81pt>
File: figures/windspeedscatter.pdf Graphic file (type pdf)

<use figures/windspeedscatter.pdf>
<figures/decaturin.jpg, id=70, 767.9892pt x 614.295pt>
File: figures/decaturin.jpg Graphic file (type jpg)

<use figures/decaturin.jpg> [10 <figures/windspeedcomponents1.jpg> <figures/win
dspeedcomponents2.jpg>] [11 <figures/windspeedtimeseries.pdf> <figures/windspee
dtimeseriesimages.jpg> <figures/windspeedcorr.jpg>] [12 <figures/windspeedscatt
er.pdf> <figures/decaturin.jpg>]
<figures/vaporextremes.jpg, id=91, 642.4pt x 481.8pt>
File: figures/vaporextremes.jpg Graphic file (type jpg)

<use figures/vaporextremes.jpg> [13 <figures/vaporextremes.jpg>]
<figures/vaporcomponents1-nongrad.jpg, id=95, 321.2pt x 215.80624pt>
File: figures/vaporcomponents1-nongrad.jpg Graphic file (type jpg)

<use figures/vaporcomponents1-nongrad.jpg>
<figures/vaporcomponents1.jpg, id=96, 321.2pt x 215.80624pt>
File: figures/vaporcomponents1.jpg Graphic file (type jpg)

<use figures/vaporcomponents1.jpg>
<figures/vaporcorr-nongrad.jpg, id=97, 690.58pt x 491.8375pt>
File: figures/vaporcorr-nongrad.jpg Graphic file (type jpg)

<use figures/vaporcorr-nongrad.jpg>
<figures/vaporcorr.jpg, id=98, 690.58pt x 491.8375pt>
File: figures/vaporcorr.jpg Graphic file (type jpg)

<use figures/vaporcorr.jpg>
<figures/vaportimeseries-pic.jpg, id=99, 295.1025pt x 201.8742pt>
File: figures/vaportimeseries-pic.jpg Graphic file (type jpg)

<use figures/vaportimeseries-pic.jpg>
<figures/vaportimeseriesimages.jpg, id=100, 1204.5pt x 180.675pt>
File: figures/vaportimeseriesimages.jpg Graphic file (type jpg)

<use figures/vaportimeseriesimages.jpg> [14 <figures/vaporcomponents1-nongrad.j
pg> <figures/vaporcomponents1.jpg>] [15 <figures/vaporcorr-nongrad.jpg> <figure
s/vaporcorr.jpg>] [16 <figures/vaportimeseries-pic.jpg> <figures/vaportimeserie
simages.jpg>]
<figures/windspeedtrainsize1.jpg, id=111, 456.95718pt x 306.39468pt>
File: figures/windspeedtrainsize1.jpg Graphic file (type jpg)

<use figures/windspeedtrainsize1.jpg>
<figures/vaportrainsize1.jpg, id=112, 453.94594pt x 304.13625pt>
File: figures/vaportrainsize1.jpg Graphic file (type jpg)

<use figures/vaportrainsize1.jpg> [17] [18 <figures/windspeedtrainsize1.jpg> <f
igures/vaportrainsize1.jpg>]
Chapter 4.
) [19

] [20] (thesis-appendices.tex
Appendix A.
LaTeX Font Info:    External font `cmex10' loaded for size
(Font)              <17.28> on input line 4.
LaTeX Font Info:    Try loading font information for OMS+cmr on input line 6.
("C:\Program Files\MiKTeX 2.7\tex\latex\base\omscmr.fd"
File: omscmr.fd 1999/05/25 v2.5h Standard LaTeX font definitions
)
LaTeX Font Info:    Font shape `OMS/cmr/m/n' in size <12> not available
(Font)              Font shape `OMS/cmsy/m/n' tried instead on input line 6.

<figures/194.jpg, id=126, 154.176pt x 115.632pt>
File: figures/194.jpg Graphic file (type jpg)
 <use figures/194.jpg> [21



 <figures/194.jpg>] <figures/619.jpg, id=131, 154.176pt x 115.632pt>
File: figures/619.jpg Graphic file (type jpg)

<use figures/619.jpg>) [22 <figures/619.jpg>] (thesis-back.tex (thesis-main.bbl
[23



]) [24] (vita.tex
Underfull \hbox (badness 10000) in paragraph at lines 22--24

 []


Underfull \hbox (badness 10000) in paragraph at lines 24--24
[] \OT1/cmr/bx/n/12 Pro-fes-sional
 []


Underfull \hbox (badness 10000) in paragraph at lines 27--29

 []

) [25

] [25

]) (thesis-main.aux (thesis-front.aux) (thesis-chapters.aux)
(thesis-appendices.aux) (thesis-back.aux)) ) 
Here is how much of TeX's memory you used:
 2471 strings out of 95340
 37869 string characters out of 1184155
 97802 words of memory out of 1500000
 5608 multiletter control sequences out of 110000
 11150 words of font info for 39 fonts, out of 1200000 for 2000
 14 hyphenation exceptions out of 8191
 36i,7n,38p,1673b,269s stack positions out of 5000i,500n,10000p,200000b,5000s
<C:/Program Files/MiKTeX 2.7/fonts/
type1/bluesky/cm/cmbx10.pfb><C:/Program Files/MiKTeX 2.7/fonts/type1/bluesky/cm
/cmbx12.pfb><C:/Program Files/MiKTeX 2.7/fonts/type1/bluesky/cm/cmex10.pfb><C:/
Program Files/MiKTeX 2.7/fonts/type1/bluesky/cm/cmmi12.pfb><C:/Program Files/Mi
KTeX 2.7/fonts/type1/bluesky/cm/cmmi8.pfb><C:/Program Files/MiKTeX 2.7/fonts/ty
pe1/bluesky/cm/cmr10.pfb><C:/Program Files/MiKTeX 2.7/fonts/type1/bluesky/cm/cm
r12.pfb><C:/Program Files/MiKTeX 2.7/fonts/type1/bluesky/cm/cmr17.pfb><C:/Progr
am Files/MiKTeX 2.7/fonts/type1/bluesky/cm/cmr8.pfb><C:/Program Files/MiKTeX 2.
7/fonts/type1/bluesky/cm/cmsl12.pfb><C:/Program Files/MiKTeX 2.7/fonts/type1/bl
uesky/cm/cmsy10.pfb><C:/Program Files/MiKTeX 2.7/fonts/type1/bluesky/cm/cmsy8.p
fb><C:/Program Files/MiKTeX 2.7/fonts/type1/bluesky/cm/cmti12.pfb>
Output written on thesis-main.pdf (31 pages, 1783876 bytes).
PDF statistics:
 190 PDF objects out of 1000 (max. 8388607)
 0 named destinations out of 1000 (max. 131072)
 101 words of extra memory for PDF output out of 10000 (max. 10000000)

